빌드 시작: 2013-12-03 오후 11:12:51
     1>2 노드의 "F:\2010\소프드웨어프로젝트1-pos\소프드웨어프로젝트1-pos\소프드웨어프로젝트1-pos.vcxproj" 프로젝트(build 대상)입니다.
     1>PrepareForBuild:
         "F:\2010\소프드웨어프로젝트1-pos\Release\" 디렉터리를 만들고 있습니다.
       InitializeBuildStatus:
         "AlwaysCreate"이(가) 지정되었기 때문에 "Release\소프드웨어프로젝트1-pos.unsuccessfulbuild"을(를) 만들고 있습니다.
       ClCompile:
         C:\Program Files\Microsoft Visual Studio 10.0\VC\bin\CL.exe /c /Zi /nologo /W3 /WX- /O2 /Oi /Oy- /GL /D WIN32 /D NDEBUG /D _CONSOLE /D _UNICODE /D UNICODE /Gm- /EHsc /MD /GS /Gy /fp:precise /Zc:wchar_t /Zc:forScope /Fo"Release\\" /Fd"Release\vc100.pdb" /Gd /TP /analyze- /errorReport:prompt Foods.cpp Pos.cpp Sell.cpp Table.cpp "소프트웨어프로젝트1-pos.cpp"
         Foods.cpp
     1>f:\2010\소프드웨어프로젝트1-pos\소프드웨어프로젝트1-pos\Foods.h(23): warning C4996: 'strcpy': This function or variable may be unsafe. Consider using strcpy_s instead. To disable deprecation, use _CRT_SECURE_NO_WARNINGS. See online help for details.
                 C:\Program Files\Microsoft Visual Studio 10.0\VC\include\string.h(105) : 'strcpy' 선언을 참조하십시오.
         Pos.cpp
     1>f:\2010\소프드웨어프로젝트1-pos\소프드웨어프로젝트1-pos\Foods.h(23): warning C4996: 'strcpy': This function or variable may be unsafe. Consider using strcpy_s instead. To disable deprecation, use _CRT_SECURE_NO_WARNINGS. See online help for details.
                 C:\Program Files\Microsoft Visual Studio 10.0\VC\include\string.h(105) : 'strcpy' 선언을 참조하십시오.
     1>f:\2010\소프드웨어프로젝트1-pos\소프드웨어프로젝트1-pos\Sell.h(20): warning C4996: 'strcpy': This function or variable may be unsafe. Consider using strcpy_s instead. To disable deprecation, use _CRT_SECURE_NO_WARNINGS. See online help for details.
                 C:\Program Files\Microsoft Visual Studio 10.0\VC\include\string.h(105) : 'strcpy' 선언을 참조하십시오.
     1>Pos.cpp(9): warning C4996: 'fopen': This function or variable may be unsafe. Consider using fopen_s instead. To disable deprecation, use _CRT_SECURE_NO_WARNINGS. See online help for details.
                 C:\Program Files\Microsoft Visual Studio 10.0\VC\include\stdio.h(234) : 'fopen' 선언을 참조하십시오.
     1>Pos.cpp(25): warning C4996: 'fopen': This function or variable may be unsafe. Consider using fopen_s instead. To disable deprecation, use _CRT_SECURE_NO_WARNINGS. See online help for details.
                 C:\Program Files\Microsoft Visual Studio 10.0\VC\include\stdio.h(234) : 'fopen' 선언을 참조하십시오.
     1>Pos.cpp(38): warning C4996: 'fscanf': This function or variable may be unsafe. Consider using fscanf_s instead. To disable deprecation, use _CRT_SECURE_NO_WARNINGS. See online help for details.
                 C:\Program Files\Microsoft Visual Studio 10.0\VC\include\stdio.h(253) : 'fscanf' 선언을 참조하십시오.
     1>Pos.cpp(39): warning C4996: 'strcpy': This function or variable may be unsafe. Consider using strcpy_s instead. To disable deprecation, use _CRT_SECURE_NO_WARNINGS. See online help for details.
                 C:\Program Files\Microsoft Visual Studio 10.0\VC\include\string.h(105) : 'strcpy' 선언을 참조하십시오.
     1>Pos.cpp(40): warning C4996: 'fscanf': This function or variable may be unsafe. Consider using fscanf_s instead. To disable deprecation, use _CRT_SECURE_NO_WARNINGS. See online help for details.
                 C:\Program Files\Microsoft Visual Studio 10.0\VC\include\stdio.h(253) : 'fscanf' 선언을 참조하십시오.
     1>Pos.cpp(41): warning C4996: 'fscanf': This function or variable may be unsafe. Consider using fscanf_s instead. To disable deprecation, use _CRT_SECURE_NO_WARNINGS. See online help for details.
                 C:\Program Files\Microsoft Visual Studio 10.0\VC\include\stdio.h(253) : 'fscanf' 선언을 참조하십시오.
     1>Pos.cpp(42): warning C4996: 'fscanf': This function or variable may be unsafe. Consider using fscanf_s instead. To disable deprecation, use _CRT_SECURE_NO_WARNINGS. See online help for details.
                 C:\Program Files\Microsoft Visual Studio 10.0\VC\include\stdio.h(253) : 'fscanf' 선언을 참조하십시오.
     1>Pos.cpp(43): warning C4996: 'fscanf': This function or variable may be unsafe. Consider using fscanf_s instead. To disable deprecation, use _CRT_SECURE_NO_WARNINGS. See online help for details.
                 C:\Program Files\Microsoft Visual Studio 10.0\VC\include\stdio.h(253) : 'fscanf' 선언을 참조하십시오.
     1>Pos.cpp(51): warning C4996: 'fopen': This function or variable may be unsafe. Consider using fopen_s instead. To disable deprecation, use _CRT_SECURE_NO_WARNINGS. See online help for details.
                 C:\Program Files\Microsoft Visual Studio 10.0\VC\include\stdio.h(234) : 'fopen' 선언을 참조하십시오.
     1>Pos.cpp(67): warning C4996: 'fopen': This function or variable may be unsafe. Consider using fopen_s instead. To disable deprecation, use _CRT_SECURE_NO_WARNINGS. See online help for details.
                 C:\Program Files\Microsoft Visual Studio 10.0\VC\include\stdio.h(234) : 'fopen' 선언을 참조하십시오.
     1>Pos.cpp(74): warning C4996: 'fscanf': This function or variable may be unsafe. Consider using fscanf_s instead. To disable deprecation, use _CRT_SECURE_NO_WARNINGS. See online help for details.
                 C:\Program Files\Microsoft Visual Studio 10.0\VC\include\stdio.h(253) : 'fscanf' 선언을 참조하십시오.
     1>Pos.cpp(83): warning C4996: 'fopen': This function or variable may be unsafe. Consider using fopen_s instead. To disable deprecation, use _CRT_SECURE_NO_WARNINGS. See online help for details.
                 C:\Program Files\Microsoft Visual Studio 10.0\VC\include\stdio.h(234) : 'fopen' 선언을 참조하십시오.
     1>Pos.cpp(90): warning C4996: 'fopen': This function or variable may be unsafe. Consider using fopen_s instead. To disable deprecation, use _CRT_SECURE_NO_WARNINGS. See online help for details.
                 C:\Program Files\Microsoft Visual Studio 10.0\VC\include\stdio.h(234) : 'fopen' 선언을 참조하십시오.
     1>Pos.cpp(91): warning C4996: 'fscanf': This function or variable may be unsafe. Consider using fscanf_s instead. To disable deprecation, use _CRT_SECURE_NO_WARNINGS. See online help for details.
                 C:\Program Files\Microsoft Visual Studio 10.0\VC\include\stdio.h(253) : 'fscanf' 선언을 참조하십시오.
     1>Pos.cpp(92): warning C4996: 'fscanf': This function or variable may be unsafe. Consider using fscanf_s instead. To disable deprecation, use _CRT_SECURE_NO_WARNINGS. See online help for details.
                 C:\Program Files\Microsoft Visual Studio 10.0\VC\include\stdio.h(253) : 'fscanf' 선언을 참조하십시오.
         Sell.cpp
     1>f:\2010\소프드웨어프로젝트1-pos\소프드웨어프로젝트1-pos\Foods.h(23): warning C4996: 'strcpy': This function or variable may be unsafe. Consider using strcpy_s instead. To disable deprecation, use _CRT_SECURE_NO_WARNINGS. See online help for details.
                 C:\Program Files\Microsoft Visual Studio 10.0\VC\include\string.h(105) : 'strcpy' 선언을 참조하십시오.
     1>f:\2010\소프드웨어프로젝트1-pos\소프드웨어프로젝트1-pos\Sell.h(20): warning C4996: 'strcpy': This function or variable may be unsafe. Consider using strcpy_s instead. To disable deprecation, use _CRT_SECURE_NO_WARNINGS. See online help for details.
                 C:\Program Files\Microsoft Visual Studio 10.0\VC\include\string.h(105) : 'strcpy' 선언을 참조하십시오.
         Table.cpp
     1>f:\2010\소프드웨어프로젝트1-pos\소프드웨어프로젝트1-pos\Foods.h(23): warning C4996: 'strcpy': This function or variable may be unsafe. Consider using strcpy_s instead. To disable deprecation, use _CRT_SECURE_NO_WARNINGS. See online help for details.
                 C:\Program Files\Microsoft Visual Studio 10.0\VC\include\string.h(105) : 'strcpy' 선언을 참조하십시오.
     1>f:\2010\소프드웨어프로젝트1-pos\소프드웨어프로젝트1-pos\Sell.h(20): warning C4996: 'strcpy': This function or variable may be unsafe. Consider using strcpy_s instead. To disable deprecation, use _CRT_SECURE_NO_WARNINGS. See online help for details.
                 C:\Program Files\Microsoft Visual Studio 10.0\VC\include\string.h(105) : 'strcpy' 선언을 참조하십시오.
         소프트웨어프로젝트1-pos.cpp
     1>f:\2010\소프드웨어프로젝트1-pos\소프드웨어프로젝트1-pos\Foods.h(23): warning C4996: 'strcpy': This function or variable may be unsafe. Consider using strcpy_s instead. To disable deprecation, use _CRT_SECURE_NO_WARNINGS. See online help for details.
                 C:\Program Files\Microsoft Visual Studio 10.0\VC\include\string.h(105) : 'strcpy' 선언을 참조하십시오.
     1>f:\2010\소프드웨어프로젝트1-pos\소프드웨어프로젝트1-pos\Sell.h(20): warning C4996: 'strcpy': This function or variable may be unsafe. Consider using strcpy_s instead. To disable deprecation, use _CRT_SECURE_NO_WARNINGS. See online help for details.
                 C:\Program Files\Microsoft Visual Studio 10.0\VC\include\string.h(105) : 'strcpy' 선언을 참조하십시오.
     1>소프트웨어프로젝트1-pos.cpp(130): warning C4996: 'fopen': This function or variable may be unsafe. Consider using fopen_s instead. To disable deprecation, use _CRT_SECURE_NO_WARNINGS. See online help for details.
                 C:\Program Files\Microsoft Visual Studio 10.0\VC\include\stdio.h(234) : 'fopen' 선언을 참조하십시오.
       Link:
         C:\Program Files\Microsoft Visual Studio 10.0\VC\bin\link.exe /ERRORREPORT:PROMPT /OUT:"F:\2010\소프드웨어프로젝트1-pos\Release\소프드웨어프로젝트1-pos.exe" /INCREMENTAL:NO /NOLOGO kernel32.lib user32.lib gdi32.lib winspool.lib comdlg32.lib advapi32.lib shell32.lib ole32.lib oleaut32.lib uuid.lib odbc32.lib odbccp32.lib /MANIFEST /ManifestFile:"Release\소프드웨어프로젝트1-pos.exe.intermediate.manifest" /MANIFESTUAC:"level='asInvoker' uiAccess='false'" /DEBUG /PDB:"F:\2010\소프드웨어프로젝트1-pos\Release\소프드웨어프로젝트1-pos.pdb" /SUBSYSTEM:CONSOLE /OPT:REF /OPT:ICF /LTCG /TLBID:1 /DYNAMICBASE /NXCOMPAT /IMPLIB:"F:\2010\소프드웨어프로젝트1-pos\Release\소프드웨어프로젝트1-pos.lib" /MACHINE:X86 Release\Foods.obj
         Release\Pos.obj
         Release\Sell.obj
         Release\Table.obj
         "Release\소프트웨어프로젝트1-pos.obj"
         코드를 생성하고 있습니다.
     1>f:\2010\소프드웨어프로젝트1-pos\소프드웨어프로젝트1-pos\소프트웨어프로젝트1-pos.cpp(303): warning C4715: 'GTable' : 모든 제어 경로에서 값을 반환하지는 않습니다.
         코드를 생성했습니다.
         소프드웨어프로젝트1-pos.vcxproj -> F:\2010\소프드웨어프로젝트1-pos\Release\소프드웨어프로젝트1-pos.exe
       Manifest:
         c:\Program Files\Microsoft SDKs\Windows\v7.0A\bin\mt.exe /nologo /verbose /outputresource:"F:\2010\소프드웨어프로젝트1-pos\Release\소프드웨어프로젝트1-pos.exe;#1" /manifest "Release\소프드웨어프로젝트1-pos.exe.intermediate.manifest"
       FinalizeBuildStatus:
         "Release\소프드웨어프로젝트1-pos.unsuccessfulbuild" 파일을 삭제하고 있습니다.
         "Release\소프드웨어프로젝트1-pos.lastbuildstate"에 연결(touching)하고 있습니다.
     1>"F:\2010\소프드웨어프로젝트1-pos\소프드웨어프로젝트1-pos\소프드웨어프로젝트1-pos.vcxproj" 프로젝트를 빌드했습니다(build 대상).

빌드했습니다.

경과 시간: 00:00:24.39
