빌드 시작: 2013-12-03 오후 11:07:44
     1>2 노드의 "C:\Users\com\Documents\Visual Studio 2010\Projects\소프드웨어프로젝트1-pos\소프드웨어프로젝트1-pos\소프드웨어프로젝트1-pos.vcxproj" 프로젝트(build 대상)입니다.
     1>PrepareForBuild:
         "C:\Users\com\Documents\Visual Studio 2010\Projects\소프드웨어프로젝트1-pos\Debug\" 디렉터리를 만들고 있습니다.
       InitializeBuildStatus:
         "AlwaysCreate"이(가) 지정되었기 때문에 "Debug\소프드웨어프로젝트1-pos.unsuccessfulbuild"을(를) 만들고 있습니다.
       ClCompile:
         C:\Program Files\Microsoft Visual Studio 10.0\VC\bin\CL.exe /c /AI_CRT_SECURE_NO_WARNINGS /ZI /nologo /W3 /WX- /Od /Oy- /D WIN32 /D _DEBUG /D _CONSOLE /D _UNICODE /D UNICODE /Gm /EHsc /RTC1 /MDd /GS /fp:precise /Zc:wchar_t /Zc:forScope /Fo"Debug\\" /Fd"Debug\vc100.pdb" /Gd /TP /analyze- /errorReport:prompt Foods.cpp Pos.cpp Sell.cpp Table.cpp "소프트웨어프로젝트1-pos.cpp"
         소프트웨어프로젝트1-pos.cpp
     1>c:\users\com\documents\visual studio 2010\projects\소프드웨어프로젝트1-pos\소프드웨어프로젝트1-pos\foods.h(23): warning C4996: 'strcpy': This function or variable may be unsafe. Consider using strcpy_s instead. To disable deprecation, use _CRT_SECURE_NO_WARNINGS. See online help for details.
                 c:\program files\microsoft visual studio 10.0\vc\include\string.h(105) : 'strcpy' 선언을 참조하십시오.
     1>c:\users\com\documents\visual studio 2010\projects\소프드웨어프로젝트1-pos\소프드웨어프로젝트1-pos\sell.h(20): warning C4996: 'strcpy': This function or variable may be unsafe. Consider using strcpy_s instead. To disable deprecation, use _CRT_SECURE_NO_WARNINGS. See online help for details.
                 c:\program files\microsoft visual studio 10.0\vc\include\string.h(105) : 'strcpy' 선언을 참조하십시오.
     1>c:\users\com\documents\visual studio 2010\projects\소프드웨어프로젝트1-pos\소프드웨어프로젝트1-pos\소프트웨어프로젝트1-pos.cpp(130): warning C4996: 'fopen': This function or variable may be unsafe. Consider using fopen_s instead. To disable deprecation, use _CRT_SECURE_NO_WARNINGS. See online help for details.
                 c:\program files\microsoft visual studio 10.0\vc\include\stdio.h(234) : 'fopen' 선언을 참조하십시오.
         Table.cpp
     1>c:\users\com\documents\visual studio 2010\projects\소프드웨어프로젝트1-pos\소프드웨어프로젝트1-pos\foods.h(23): warning C4996: 'strcpy': This function or variable may be unsafe. Consider using strcpy_s instead. To disable deprecation, use _CRT_SECURE_NO_WARNINGS. See online help for details.
                 c:\program files\microsoft visual studio 10.0\vc\include\string.h(105) : 'strcpy' 선언을 참조하십시오.
     1>c:\users\com\documents\visual studio 2010\projects\소프드웨어프로젝트1-pos\소프드웨어프로젝트1-pos\sell.h(20): warning C4996: 'strcpy': This function or variable may be unsafe. Consider using strcpy_s instead. To disable deprecation, use _CRT_SECURE_NO_WARNINGS. See online help for details.
                 c:\program files\microsoft visual studio 10.0\vc\include\string.h(105) : 'strcpy' 선언을 참조하십시오.
         Sell.cpp
     1>c:\users\com\documents\visual studio 2010\projects\소프드웨어프로젝트1-pos\소프드웨어프로젝트1-pos\foods.h(23): warning C4996: 'strcpy': This function or variable may be unsafe. Consider using strcpy_s instead. To disable deprecation, use _CRT_SECURE_NO_WARNINGS. See online help for details.
                 c:\program files\microsoft visual studio 10.0\vc\include\string.h(105) : 'strcpy' 선언을 참조하십시오.
     1>c:\users\com\documents\visual studio 2010\projects\소프드웨어프로젝트1-pos\소프드웨어프로젝트1-pos\sell.h(20): warning C4996: 'strcpy': This function or variable may be unsafe. Consider using strcpy_s instead. To disable deprecation, use _CRT_SECURE_NO_WARNINGS. See online help for details.
                 c:\program files\microsoft visual studio 10.0\vc\include\string.h(105) : 'strcpy' 선언을 참조하십시오.
         Pos.cpp
     1>c:\users\com\documents\visual studio 2010\projects\소프드웨어프로젝트1-pos\소프드웨어프로젝트1-pos\foods.h(23): warning C4996: 'strcpy': This function or variable may be unsafe. Consider using strcpy_s instead. To disable deprecation, use _CRT_SECURE_NO_WARNINGS. See online help for details.
                 c:\program files\microsoft visual studio 10.0\vc\include\string.h(105) : 'strcpy' 선언을 참조하십시오.
     1>c:\users\com\documents\visual studio 2010\projects\소프드웨어프로젝트1-pos\소프드웨어프로젝트1-pos\sell.h(20): warning C4996: 'strcpy': This function or variable may be unsafe. Consider using strcpy_s instead. To disable deprecation, use _CRT_SECURE_NO_WARNINGS. See online help for details.
                 c:\program files\microsoft visual studio 10.0\vc\include\string.h(105) : 'strcpy' 선언을 참조하십시오.
     1>c:\users\com\documents\visual studio 2010\projects\소프드웨어프로젝트1-pos\소프드웨어프로젝트1-pos\pos.cpp(9): warning C4996: 'fopen': This function or variable may be unsafe. Consider using fopen_s instead. To disable deprecation, use _CRT_SECURE_NO_WARNINGS. See online help for details.
                 c:\program files\microsoft visual studio 10.0\vc\include\stdio.h(234) : 'fopen' 선언을 참조하십시오.
     1>c:\users\com\documents\visual studio 2010\projects\소프드웨어프로젝트1-pos\소프드웨어프로젝트1-pos\pos.cpp(25): warning C4996: 'fopen': This function or variable may be unsafe. Consider using fopen_s instead. To disable deprecation, use _CRT_SECURE_NO_WARNINGS. See online help for details.
                 c:\program files\microsoft visual studio 10.0\vc\include\stdio.h(234) : 'fopen' 선언을 참조하십시오.
     1>c:\users\com\documents\visual studio 2010\projects\소프드웨어프로젝트1-pos\소프드웨어프로젝트1-pos\pos.cpp(38): warning C4996: 'fscanf': This function or variable may be unsafe. Consider using fscanf_s instead. To disable deprecation, use _CRT_SECURE_NO_WARNINGS. See online help for details.
                 c:\program files\microsoft visual studio 10.0\vc\include\stdio.h(253) : 'fscanf' 선언을 참조하십시오.
     1>c:\users\com\documents\visual studio 2010\projects\소프드웨어프로젝트1-pos\소프드웨어프로젝트1-pos\pos.cpp(39): warning C4996: 'strcpy': This function or variable may be unsafe. Consider using strcpy_s instead. To disable deprecation, use _CRT_SECURE_NO_WARNINGS. See online help for details.
                 c:\program files\microsoft visual studio 10.0\vc\include\string.h(105) : 'strcpy' 선언을 참조하십시오.
     1>c:\users\com\documents\visual studio 2010\projects\소프드웨어프로젝트1-pos\소프드웨어프로젝트1-pos\pos.cpp(40): warning C4996: 'fscanf': This function or variable may be unsafe. Consider using fscanf_s instead. To disable deprecation, use _CRT_SECURE_NO_WARNINGS. See online help for details.
                 c:\program files\microsoft visual studio 10.0\vc\include\stdio.h(253) : 'fscanf' 선언을 참조하십시오.
     1>c:\users\com\documents\visual studio 2010\projects\소프드웨어프로젝트1-pos\소프드웨어프로젝트1-pos\pos.cpp(41): warning C4996: 'fscanf': This function or variable may be unsafe. Consider using fscanf_s instead. To disable deprecation, use _CRT_SECURE_NO_WARNINGS. See online help for details.
                 c:\program files\microsoft visual studio 10.0\vc\include\stdio.h(253) : 'fscanf' 선언을 참조하십시오.
     1>c:\users\com\documents\visual studio 2010\projects\소프드웨어프로젝트1-pos\소프드웨어프로젝트1-pos\pos.cpp(42): warning C4996: 'fscanf': This function or variable may be unsafe. Consider using fscanf_s instead. To disable deprecation, use _CRT_SECURE_NO_WARNINGS. See online help for details.
                 c:\program files\microsoft visual studio 10.0\vc\include\stdio.h(253) : 'fscanf' 선언을 참조하십시오.
     1>c:\users\com\documents\visual studio 2010\projects\소프드웨어프로젝트1-pos\소프드웨어프로젝트1-pos\pos.cpp(43): warning C4996: 'fscanf': This function or variable may be unsafe. Consider using fscanf_s instead. To disable deprecation, use _CRT_SECURE_NO_WARNINGS. See online help for details.
                 c:\program files\microsoft visual studio 10.0\vc\include\stdio.h(253) : 'fscanf' 선언을 참조하십시오.
     1>c:\users\com\documents\visual studio 2010\projects\소프드웨어프로젝트1-pos\소프드웨어프로젝트1-pos\pos.cpp(51): warning C4996: 'fopen': This function or variable may be unsafe. Consider using fopen_s instead. To disable deprecation, use _CRT_SECURE_NO_WARNINGS. See online help for details.
                 c:\program files\microsoft visual studio 10.0\vc\include\stdio.h(234) : 'fopen' 선언을 참조하십시오.
     1>c:\users\com\documents\visual studio 2010\projects\소프드웨어프로젝트1-pos\소프드웨어프로젝트1-pos\pos.cpp(67): warning C4996: 'fopen': This function or variable may be unsafe. Consider using fopen_s instead. To disable deprecation, use _CRT_SECURE_NO_WARNINGS. See online help for details.
                 c:\program files\microsoft visual studio 10.0\vc\include\stdio.h(234) : 'fopen' 선언을 참조하십시오.
     1>c:\users\com\documents\visual studio 2010\projects\소프드웨어프로젝트1-pos\소프드웨어프로젝트1-pos\pos.cpp(74): warning C4996: 'fscanf': This function or variable may be unsafe. Consider using fscanf_s instead. To disable deprecation, use _CRT_SECURE_NO_WARNINGS. See online help for details.
                 c:\program files\microsoft visual studio 10.0\vc\include\stdio.h(253) : 'fscanf' 선언을 참조하십시오.
     1>c:\users\com\documents\visual studio 2010\projects\소프드웨어프로젝트1-pos\소프드웨어프로젝트1-pos\pos.cpp(83): warning C4996: 'fopen': This function or variable may be unsafe. Consider using fopen_s instead. To disable deprecation, use _CRT_SECURE_NO_WARNINGS. See online help for details.
                 c:\program files\microsoft visual studio 10.0\vc\include\stdio.h(234) : 'fopen' 선언을 참조하십시오.
     1>c:\users\com\documents\visual studio 2010\projects\소프드웨어프로젝트1-pos\소프드웨어프로젝트1-pos\pos.cpp(90): warning C4996: 'fopen': This function or variable may be unsafe. Consider using fopen_s instead. To disable deprecation, use _CRT_SECURE_NO_WARNINGS. See online help for details.
                 c:\program files\microsoft visual studio 10.0\vc\include\stdio.h(234) : 'fopen' 선언을 참조하십시오.
     1>c:\users\com\documents\visual studio 2010\projects\소프드웨어프로젝트1-pos\소프드웨어프로젝트1-pos\pos.cpp(91): warning C4996: 'fscanf': This function or variable may be unsafe. Consider using fscanf_s instead. To disable deprecation, use _CRT_SECURE_NO_WARNINGS. See online help for details.
                 c:\program files\microsoft visual studio 10.0\vc\include\stdio.h(253) : 'fscanf' 선언을 참조하십시오.
     1>c:\users\com\documents\visual studio 2010\projects\소프드웨어프로젝트1-pos\소프드웨어프로젝트1-pos\pos.cpp(92): warning C4996: 'fscanf': This function or variable may be unsafe. Consider using fscanf_s instead. To disable deprecation, use _CRT_SECURE_NO_WARNINGS. See online help for details.
                 c:\program files\microsoft visual studio 10.0\vc\include\stdio.h(253) : 'fscanf' 선언을 참조하십시오.
         Foods.cpp
     1>c:\users\com\documents\visual studio 2010\projects\소프드웨어프로젝트1-pos\소프드웨어프로젝트1-pos\foods.h(23): warning C4996: 'strcpy': This function or variable may be unsafe. Consider using strcpy_s instead. To disable deprecation, use _CRT_SECURE_NO_WARNINGS. See online help for details.
                 c:\program files\microsoft visual studio 10.0\vc\include\string.h(105) : 'strcpy' 선언을 참조하십시오.
         코드를 생성하고 있습니다...
     1>c:\users\com\documents\visual studio 2010\projects\소프드웨어프로젝트1-pos\소프드웨어프로젝트1-pos\소프트웨어프로젝트1-pos.cpp(303): warning C4715: 'GTable' : 모든 제어 경로에서 값을 반환하지는 않습니다.
       ManifestResourceCompile:
         c:\Program Files\Microsoft SDKs\Windows\v7.0A\bin\rc.exe /nologo /fo"Debug\소프드웨어프로젝트1-pos.exe.embed.manifest.res" "Debug\소프드웨어프로젝트1-pos_manifest.rc" 
       Link:
         C:\Program Files\Microsoft Visual Studio 10.0\VC\bin\link.exe /ERRORREPORT:PROMPT /OUT:"C:\Users\com\Documents\Visual Studio 2010\Projects\소프드웨어프로젝트1-pos\Debug\소프드웨어프로젝트1-pos.exe" /INCREMENTAL /NOLOGO kernel32.lib user32.lib gdi32.lib winspool.lib comdlg32.lib advapi32.lib shell32.lib ole32.lib oleaut32.lib uuid.lib odbc32.lib odbccp32.lib /MANIFEST /ManifestFile:"Debug\소프드웨어프로젝트1-pos.exe.intermediate.manifest" /MANIFESTUAC:"level='asInvoker' uiAccess='false'" /DEBUG /PDB:"C:\Users\com\Documents\Visual Studio 2010\Projects\소프드웨어프로젝트1-pos\Debug\소프드웨어프로젝트1-pos.pdb" /SUBSYSTEM:CONSOLE /TLBID:1 /DYNAMICBASE /NXCOMPAT /IMPLIB:"C:\Users\com\Documents\Visual Studio 2010\Projects\소프드웨어프로젝트1-pos\Debug\소프드웨어프로젝트1-pos.lib" /MACHINE:X86 "Debug\소프드웨어프로젝트1-pos.exe.embed.manifest.res"
         Debug\Foods.obj
         Debug\Pos.obj
         Debug\Sell.obj
         Debug\Table.obj
         "Debug\소프트웨어프로젝트1-pos.obj"
       Manifest:
         c:\Program Files\Microsoft SDKs\Windows\v7.0A\bin\mt.exe /nologo /verbose /out:"Debug\소프드웨어프로젝트1-pos.exe.embed.manifest" /manifest "Debug\소프드웨어프로젝트1-pos.exe.intermediate.manifest"
         c:\Program Files\Microsoft SDKs\Windows\v7.0A\bin\rc.exe /nologo /fo"Debug\소프드웨어프로젝트1-pos.exe.embed.manifest.res" "Debug\소프드웨어프로젝트1-pos_manifest.rc" 
       LinkEmbedManifest:
         C:\Program Files\Microsoft Visual Studio 10.0\VC\bin\link.exe /ERRORREPORT:PROMPT /OUT:"C:\Users\com\Documents\Visual Studio 2010\Projects\소프드웨어프로젝트1-pos\Debug\소프드웨어프로젝트1-pos.exe" /INCREMENTAL /NOLOGO kernel32.lib user32.lib gdi32.lib winspool.lib comdlg32.lib advapi32.lib shell32.lib ole32.lib oleaut32.lib uuid.lib odbc32.lib odbccp32.lib /MANIFEST /ManifestFile:"Debug\소프드웨어프로젝트1-pos.exe.intermediate.manifest" /MANIFESTUAC:"level='asInvoker' uiAccess='false'" /DEBUG /PDB:"C:\Users\com\Documents\Visual Studio 2010\Projects\소프드웨어프로젝트1-pos\Debug\소프드웨어프로젝트1-pos.pdb" /SUBSYSTEM:CONSOLE /TLBID:1 /DYNAMICBASE /NXCOMPAT /IMPLIB:"C:\Users\com\Documents\Visual Studio 2010\Projects\소프드웨어프로젝트1-pos\Debug\소프드웨어프로젝트1-pos.lib" /MACHINE:X86 "Debug\소프드웨어프로젝트1-pos.exe.embed.manifest.res"
         Debug\Foods.obj
         Debug\Pos.obj
         Debug\Sell.obj
         Debug\Table.obj
         "Debug\소프트웨어프로젝트1-pos.obj"
         소프드웨어프로젝트1-pos.vcxproj -> C:\Users\com\Documents\Visual Studio 2010\Projects\소프드웨어프로젝트1-pos\Debug\소프드웨어프로젝트1-pos.exe
       FinalizeBuildStatus:
         "Debug\소프드웨어프로젝트1-pos.unsuccessfulbuild" 파일을 삭제하고 있습니다.
         "Debug\소프드웨어프로젝트1-pos.lastbuildstate"에 연결(touching)하고 있습니다.
     1>"C:\Users\com\Documents\Visual Studio 2010\Projects\소프드웨어프로젝트1-pos\소프드웨어프로젝트1-pos\소프드웨어프로젝트1-pos.vcxproj" 프로젝트를 빌드했습니다(build 대상).

빌드했습니다.

경과 시간: 00:00:04.09
